<?xml version="1.0" encoding="UTF-8"?>
<!-- Generated by org.testng.reporters.JUnitReportReporter -->
<testsuite skipped="0" hostname="DESKTOP-DOBFE9D" name="propertyFiles.PropertyDemo" tests="1" failures="0" timestamp="14 Jan 2021 11:09:26 GMT" time="0.007" errors="0">
  <testcase name="test_property" time="0.007" classname="propertyFiles.PropertyDemo"/>
</testsuite> <!-- propertyFiles.PropertyDemo -->
