<?xml version="1.0" encoding="UTF-8"?>
<!-- Generated by org.testng.reporters.JUnitReportReporter -->
<testsuite skipped="0" hostname="DESKTOP-DOBFE9D" name="DataBase.JDBC_Demo" tests="1" failures="0" timestamp="13 Jan 2021 18:30:40 GMT" time="0.495" errors="0">
  <testcase name="testDB" time="0.495" classname="DataBase.JDBC_Demo"/>
</testsuite> <!-- DataBase.JDBC_Demo -->
