<?xml version="1.0" encoding="UTF-8"?>
<!-- Generated by org.testng.reporters.JUnitReportReporter -->
<testsuite skipped="0" hostname="DESKTOP-DOBFE9D" name="testNG.Demo" tests="2" failures="0" timestamp="14 Jan 2021 10:35:36 GMT" time="176.634" errors="0">
  <testcase name="paralExec" time="100.446" classname="testNG.Demo"/>
  <testcase name="paralExec" time="76.188" classname="testNG.Demo"/>
</testsuite> <!-- testNG.Demo -->
